<?xml version="1.0" encoding="UTF-8"?>
<robot generator="Robot 4.1.2 (Python 3.10.0 on win32)" generated="20211101 22:01:30.630" rpa="false" schemaversion="2">
<suite id="s1" name="Test2" source="C:\Users\yuh903\PycharmProjects\pythonProject\Automation\test2.robot">
<test id="s1-t1" name="Test title">
<kw name="Should Be Equal As Strings" library="BuiltIn">
<arg>2</arg>
<arg>2</arg>
<doc>Fails if objects are unequal after converting them to strings.</doc>
<status status="PASS" starttime="20211101 22:01:30.709" endtime="20211101 22:01:30.710"/>
</kw>
<status status="PASS" starttime="20211101 22:01:30.709" endtime="20211101 22:01:30.710"/>
</test>
<doc>Test Suite description</doc>
<status status="PASS" starttime="20211101 22:01:30.633" endtime="20211101 22:01:30.713"/>
</suite>
<statistics>
<total>
<stat pass="1" fail="0" skip="0">All Tests</stat>
</total>
<tag>
</tag>
<suite>
<stat pass="1" fail="0" skip="0" id="s1" name="Test2">Test2</stat>
</suite>
</statistics>
<errors>
<msg timestamp="20211101 22:01:30.678" level="ERROR">Error in file 'C:\Users\yuh903\PycharmProjects\pythonProject\Automation\test2.robot' on line 3: Importing library 'RequestsLibrary' failed: ModuleNotFoundError: No module named 'RequestsLibrary'
Traceback (most recent call last):
  None
PYTHONPATH:
  C:\Program Files\Python310\Scripts\robot.exe
  C:\Program Files\Python310\python310.zip
  C:\Program Files\Python310\DLLs
  C:\Program Files\Python310\lib
  C:\Program Files\Python310
  C:\Program Files\Python310\lib\site-packages</msg>
<msg timestamp="20211101 22:01:30.701" level="ERROR">Error in file 'C:\Users\yuh903\PycharmProjects\pythonProject\Automation\test2.robot' on line 5: Importing library 'src.api.MyClient' failed: ModuleNotFoundError: No module named 'src'
Traceback (most recent call last):
  None
PYTHONPATH:
  C:\Program Files\Python310\Scripts\robot.exe
  C:\Program Files\Python310\python310.zip
  C:\Program Files\Python310\DLLs
  C:\Program Files\Python310\lib
  C:\Program Files\Python310
  C:\Program Files\Python310\lib\site-packages</msg>
<msg timestamp="20211101 22:01:30.703" level="ERROR">Error in file 'C:\Users\yuh903\PycharmProjects\pythonProject\Automation\test2.robot' on line 6: Resource file 'src.general_keywords.robot' does not exist.</msg>
</errors>
</robot>
