<?xml version="1.0" encoding="UTF-8"?>
<robot generator="Robot 4.1.2 (Python 3.10.0 on win32)" generated="20211101 22:39:15.011" rpa="false" schemaversion="2">
<suite id="s1" name="Test" source="C:\Users\yuh903\PycharmProjects\pythonProject\Automation\test.robot">
<test id="s1-t1" name="LoginTest">
<kw name="Open Browser" library="SeleniumLibrary">
<arg>https://www.amazon.se/</arg>
<arg>chrome</arg>
<doc>Opens a new browser instance to the optional ``url``.</doc>
<msg timestamp="20211101 22:39:15.408" level="INFO">Opening browser 'chrome' to base url 'https://www.amazon.se/'.</msg>
<status status="PASS" starttime="20211101 22:39:15.408" endtime="20211101 22:39:24.227"/>
</kw>
<kw name="Sleep" library="BuiltIn">
<arg>2</arg>
<doc>Pauses the test executed for the given time.</doc>
<msg timestamp="20211101 22:39:26.241" level="INFO">Slept 2 seconds</msg>
<status status="PASS" starttime="20211101 22:39:24.228" endtime="20211101 22:39:26.241"/>
</kw>
<kw name="Click Link" library="SeleniumLibrary">
<arg>xpath://*[@id="nav-link-accountList"]</arg>
<doc>Clicks a link identified by ``locator``.</doc>
<msg timestamp="20211101 22:39:26.243" level="INFO">Clicking link 'xpath://*[@id="nav-link-accountList"]'.</msg>
<status status="PASS" starttime="20211101 22:39:26.242" endtime="20211101 22:39:27.107"/>
</kw>
<kw name="Input Text" library="SeleniumLibrary">
<arg>xpath://*[@id="ap_email"]</arg>
<arg>zayiziya34@gmail.com</arg>
<doc>Types the given ``text`` into the text field identified by ``locator``.</doc>
<msg timestamp="20211101 22:39:27.109" level="INFO">Typing text 'zayiziya34@gmail.com' into text field 'xpath://*[@id="ap_email"]'.</msg>
<status status="PASS" starttime="20211101 22:39:27.108" endtime="20211101 22:39:27.273"/>
</kw>
<kw name="Click Element" library="SeleniumLibrary">
<arg>xpath://*[@id="continue"]</arg>
<doc>Click the element identified by ``locator``.</doc>
<msg timestamp="20211101 22:39:27.274" level="INFO">Clicking element 'xpath://*[@id="continue"]'.</msg>
<status status="PASS" starttime="20211101 22:39:27.274" endtime="20211101 22:39:28.011"/>
</kw>
<kw name="Input Password" library="SeleniumLibrary">
<arg>xpath://*[@id="ap_password"]</arg>
<arg>198934</arg>
<doc>Types the given password into the text field identified by ``locator``.</doc>
<msg timestamp="20211101 22:39:28.012" level="INFO">Typing password into text field 'xpath://*[@id="ap_password"]'.</msg>
<msg timestamp="20211101 22:39:28.084" level="INFO">Temporally setting log level to: NONE</msg>
<msg timestamp="20211101 22:39:28.129" level="INFO">Log level changed from NONE to INFO.</msg>
<status status="PASS" starttime="20211101 22:39:28.012" endtime="20211101 22:39:28.130"/>
</kw>
<kw name="Click Element" library="SeleniumLibrary">
<arg>xpath://*[@id="signInSubmit"]</arg>
<doc>Click the element identified by ``locator``.</doc>
<msg timestamp="20211101 22:39:28.131" level="INFO">Clicking element 'xpath://*[@id="signInSubmit"]'.</msg>
<status status="PASS" starttime="20211101 22:39:28.130" endtime="20211101 22:39:29.970"/>
</kw>
<kw name="Sleep" library="BuiltIn">
<arg>3</arg>
<doc>Pauses the test executed for the given time.</doc>
<msg timestamp="20211101 22:39:32.974" level="INFO">Slept 3 seconds</msg>
<status status="PASS" starttime="20211101 22:39:29.971" endtime="20211101 22:39:32.974"/>
</kw>
<kw name="Open Browser" library="SeleniumLibrary">
<arg>https://www.google.se/</arg>
<arg>chrome</arg>
<doc>Opens a new browser instance to the optional ``url``.</doc>
<msg timestamp="20211101 22:39:32.976" level="INFO">Opening browser 'chrome' to base url 'https://www.google.se/'.</msg>
<status status="PASS" starttime="20211101 22:39:32.975" endtime="20211101 22:39:35.555"/>
</kw>
<kw name="Close All Browsers" library="SeleniumLibrary">
<doc>Closes all open browsers and resets the browser cache.</doc>
<status status="PASS" starttime="20211101 22:39:35.556" endtime="20211101 22:39:40.041"/>
</kw>
<status status="PASS" starttime="20211101 22:39:15.408" endtime="20211101 22:39:40.042"/>
</test>
<status status="PASS" starttime="20211101 22:39:15.014" endtime="20211101 22:39:40.048"/>
</suite>
<statistics>
<total>
<stat pass="1" fail="0" skip="0">All Tests</stat>
</total>
<tag>
</tag>
<suite>
<stat pass="1" fail="0" skip="0" id="s1" name="Test">Test</stat>
</suite>
</statistics>
<errors>
</errors>
</robot>
