<?xml version="1.0" encoding="UTF-8"?>
<robot generator="Robot 4.1.2 (Python 3.9.7 on win32)" generated="20211026 15:46:41.289" rpa="false" schemaversion="2">
<suite id="s1" name="Test" source="C:\Users\yuh903\PycharmProjects\pythonProject\Automation\test.robot">
<test id="s1-t1" name="LoginTest">
<kw name="Open Browser" library="SeleniumLibrary">
<arg>https://www.amazon.se/</arg>
<arg>chrome</arg>
<doc>Opens a new browser instance to the optional ``url``.</doc>
<msg timestamp="20211026 15:46:41.556" level="INFO">Opening browser 'chrome' to base url 'https://www.amazon.se/'.</msg>
<status status="PASS" starttime="20211026 15:46:41.556" endtime="20211026 15:46:48.008"/>
</kw>
<kw name="Sleep" library="BuiltIn">
<arg>2</arg>
<doc>Pauses the test executed for the given time.</doc>
<msg timestamp="20211026 15:46:50.017" level="INFO">Slept 2 seconds</msg>
<status status="PASS" starttime="20211026 15:46:48.009" endtime="20211026 15:46:50.018"/>
</kw>
<kw name="Click Link" library="SeleniumLibrary">
<arg>xpath://*[@id="nav-link-accountList"]</arg>
<doc>Clicks a link identified by ``locator``.</doc>
<msg timestamp="20211026 15:46:50.019" level="INFO">Clicking link 'xpath://*[@id="nav-link-accountList"]'.</msg>
<status status="PASS" starttime="20211026 15:46:50.019" endtime="20211026 15:46:50.634"/>
</kw>
<kw name="Input Text" library="SeleniumLibrary">
<arg>xpath://*[@id="ap_email"]</arg>
<arg>zayiziya34@gmail.com</arg>
<doc>Types the given ``text`` into the text field identified by ``locator``.</doc>
<msg timestamp="20211026 15:46:50.635" level="INFO">Typing text 'zayiziya34@gmail.com' into text field 'xpath://*[@id="ap_email"]'.</msg>
<status status="PASS" starttime="20211026 15:46:50.635" endtime="20211026 15:46:50.808"/>
</kw>
<kw name="Click Element" library="SeleniumLibrary">
<arg>xpath://*[@id="continue"]</arg>
<doc>Click the element identified by ``locator``.</doc>
<msg timestamp="20211026 15:46:50.809" level="INFO">Clicking element 'xpath://*[@id="continue"]'.</msg>
<status status="PASS" starttime="20211026 15:46:50.809" endtime="20211026 15:46:51.696"/>
</kw>
<kw name="Input Password" library="SeleniumLibrary">
<arg>xpath://*[@id="ap_password"]</arg>
<arg>198934</arg>
<doc>Types the given password into the text field identified by ``locator``.</doc>
<msg timestamp="20211026 15:46:51.699" level="INFO">Typing password into text field 'xpath://*[@id="ap_password"]'.</msg>
<msg timestamp="20211026 15:46:51.774" level="INFO">Temporally setting log level to: NONE</msg>
<msg timestamp="20211026 15:46:51.813" level="INFO">Log level changed from NONE to INFO.</msg>
<status status="PASS" starttime="20211026 15:46:51.698" endtime="20211026 15:46:51.813"/>
</kw>
<kw name="Click Element" library="SeleniumLibrary">
<arg>xpath://*[@id="signInSubmit"]</arg>
<doc>Click the element identified by ``locator``.</doc>
<msg timestamp="20211026 15:46:51.815" level="INFO">Clicking element 'xpath://*[@id="signInSubmit"]'.</msg>
<status status="PASS" starttime="20211026 15:46:51.814" endtime="20211026 15:46:53.823"/>
</kw>
<kw name="Sleep" library="BuiltIn">
<arg>1</arg>
<doc>Pauses the test executed for the given time.</doc>
<msg timestamp="20211026 15:46:54.827" level="INFO">Slept 1 second</msg>
<status status="PASS" starttime="20211026 15:46:53.824" endtime="20211026 15:46:54.827"/>
</kw>
<kw name="Close All Browsers" library="SeleniumLibrary">
<doc>Closes all open browsers and resets the browser cache.</doc>
<status status="PASS" starttime="20211026 15:46:54.828" endtime="20211026 15:46:57.051"/>
</kw>
<status status="PASS" starttime="20211026 15:46:41.555" endtime="20211026 15:46:57.054"/>
</test>
<status status="PASS" starttime="20211026 15:46:41.295" endtime="20211026 15:46:57.060"/>
</suite>
<statistics>
<total>
<stat pass="1" fail="0" skip="0">All Tests</stat>
</total>
<tag>
</tag>
<suite>
<stat pass="1" fail="0" skip="0" id="s1" name="Test">Test</stat>
</suite>
</statistics>
<errors>
</errors>
</robot>
