<?xml version="1.0" encoding="UTF-8"?>
<robot generator="Robot 4.1.2 (Python 3.9.7 on win32)" generated="20211026 15:34:20.514" rpa="false" schemaversion="2">
<suite id="s1" name="Test" source="C:\Users\yuh903\PycharmProjects\pythonProject\Automation\test.robot">
<test id="s1-t1" name="LoginTest">
<kw name="Open Browser" library="SeleniumLibrary">
<arg>https://www.amazon.se/</arg>
<arg>chrome</arg>
<doc>Opens a new browser instance to the optional ``url``.</doc>
<msg timestamp="20211026 15:34:20.783" level="INFO">Opening browser 'chrome' to base url 'https://www.amazon.se/'.</msg>
<status status="PASS" starttime="20211026 15:34:20.783" endtime="20211026 15:34:27.993"/>
</kw>
<kw name="Sleep" library="BuiltIn">
<arg>2</arg>
<doc>Pauses the test executed for the given time.</doc>
<msg timestamp="20211026 15:34:30.004" level="INFO">Slept 2 seconds</msg>
<status status="PASS" starttime="20211026 15:34:27.993" endtime="20211026 15:34:30.004"/>
</kw>
<kw name="Click Link" library="SeleniumLibrary">
<arg>xpath://*[@id="nav-link-accountList"]</arg>
<doc>Clicks a link identified by ``locator``.</doc>
<msg timestamp="20211026 15:34:30.008" level="INFO">Clicking link 'xpath://*[@id="nav-link-accountList"]'.</msg>
<status status="PASS" starttime="20211026 15:34:30.005" endtime="20211026 15:34:30.614"/>
</kw>
<kw name="Input Text" library="SeleniumLibrary">
<arg>id:email zayiziya34@gmail.com</arg>
<doc>Types the given ``text`` into the text field identified by ``locator``.</doc>
<msg timestamp="20211026 15:34:30.624" level="FAIL">Keyword 'SeleniumLibrary.Input Text' expected 2 to 3 arguments, got 1.</msg>
<status status="FAIL" starttime="20211026 15:34:30.623" endtime="20211026 15:34:30.624"/>
</kw>
<kw name="Click Link" library="SeleniumLibrary">
<arg>xpath://*[@id="continue"]</arg>
<doc>Clicks a link identified by ``locator``.</doc>
<status status="NOT RUN" starttime="20211026 15:34:30.624" endtime="20211026 15:34:30.624"/>
</kw>
<kw name="Sleep" library="BuiltIn">
<arg>1</arg>
<doc>Pauses the test executed for the given time.</doc>
<status status="NOT RUN" starttime="20211026 15:34:30.624" endtime="20211026 15:34:30.624"/>
</kw>
<kw name="Close All Browsers" library="SeleniumLibrary">
<doc>Closes all open browsers and resets the browser cache.</doc>
<status status="NOT RUN" starttime="20211026 15:34:30.625" endtime="20211026 15:34:30.625"/>
</kw>
<status status="FAIL" starttime="20211026 15:34:20.782" endtime="20211026 15:34:30.626">Keyword 'SeleniumLibrary.Input Text' expected 2 to 3 arguments, got 1.</status>
</test>
<status status="FAIL" starttime="20211026 15:34:20.516" endtime="20211026 15:34:30.629"/>
</suite>
<statistics>
<total>
<stat pass="0" fail="1" skip="0">All Tests</stat>
</total>
<tag>
</tag>
<suite>
<stat pass="0" fail="1" skip="0" id="s1" name="Test">Test</stat>
</suite>
</statistics>
<errors>
</errors>
</robot>
